0 info it worked if it ends with ok
1 verbose cli [ '/usr/local/Cellar/node/4.1.1/bin/node',
1 verbose cli   '/usr/local/bin/npm',
1 verbose cli   'install',
1 verbose cli   'Materialize' ]
2 info using npm@2.14.4
3 info using node@v4.1.1
4 verbose install initial load of /Users/stephenribbon/Documents/code-challenges/hookly/package.json
5 warn package.json hookly@1.0.0 No description
6 warn package.json hookly@1.0.0 No repository field.
7 warn package.json hookly@1.0.0 No README data
8 verbose installManyTop reading scoped package data from /Users/stephenribbon/Documents/code-challenges/hookly/node_modules/angular/package.json
9 verbose installManyTop reading scoped package data from /Users/stephenribbon/Documents/code-challenges/hookly/node_modules/browserify/package.json
10 verbose installManyTop reading scoped package data from /Users/stephenribbon/Documents/code-challenges/hookly/node_modules/dotenv/package.json
11 verbose installManyTop reading scoped package data from /Users/stephenribbon/Documents/code-challenges/hookly/node_modules/ejs/package.json
12 verbose installManyTop reading scoped package data from /Users/stephenribbon/Documents/code-challenges/hookly/node_modules/express/package.json
13 verbose installManyTop reading scoped package data from /Users/stephenribbon/Documents/code-challenges/hookly/node_modules/hookly.js/package.json
14 verbose installManyTop reading scoped package data from /Users/stephenribbon/Documents/code-challenges/hookly/node_modules/http/package.json
15 verbose installManyTop reading scoped package data from /Users/stephenribbon/Documents/code-challenges/hookly/node_modules/mongoose/package.json
16 verbose installManyTop reading scoped package data from /Users/stephenribbon/Documents/code-challenges/hookly/node_modules/morgan/package.json
17 verbose installManyTop reading scoped package data from /Users/stephenribbon/Documents/code-challenges/hookly/node_modules/shortid/package.json
18 verbose installManyTop reading scoped package data from /Users/stephenribbon/Documents/code-challenges/hookly/node_modules/socket.io-client/package.json
19 info package.json http@0.0.0 http is also the name of a node core module.
20 info package.json http@0.0.0 No description
21 info package.json http@0.0.0 No repository field.
22 info package.json http@0.0.0 No README data
23 verbose readDependencies loading dependencies from /Users/stephenribbon/Documents/code-challenges/hookly/package.json
24 silly cache add args [ 'Materialize', null ]
25 verbose cache add spec Materialize
26 silly cache add parsed spec Result {
26 silly cache add   raw: 'Materialize',
26 silly cache add   scope: null,
26 silly cache add   name: 'Materialize',
26 silly cache add   rawSpec: '',
26 silly cache add   spec: '*',
26 silly cache add   type: 'range' }
27 silly addNamed Materialize@*
28 verbose addNamed "*" is a valid semver range for Materialize
29 silly addNameRange { name: 'Materialize', range: '*', hasData: false }
30 silly mapToRegistry name Materialize
31 silly mapToRegistry using default registry
32 silly mapToRegistry registry https://registry.npmjs.org/
33 silly mapToRegistry uri https://registry.npmjs.org/Materialize
34 verbose addNameRange registry:https://registry.npmjs.org/Materialize not in flight; fetching
35 verbose request uri https://registry.npmjs.org/Materialize
36 verbose request no auth needed
37 info attempt registry request try #1 at 3:08:34 PM
38 verbose request id ed1a706ae706e715
39 http request GET https://registry.npmjs.org/Materialize
40 http 404 https://registry.npmjs.org/Materialize
41 verbose headers { 'content-type': 'application/json',
41 verbose headers   'cache-control': 'max-age=0',
41 verbose headers   'content-length': '2',
41 verbose headers   'accept-ranges': 'bytes',
41 verbose headers   date: 'Thu, 26 Nov 2015 23:08:34 GMT',
41 verbose headers   via: '1.1 varnish',
41 verbose headers   age: '0',
41 verbose headers   connection: 'keep-alive',
41 verbose headers   'x-served-by': 'cache-sjc3127-SJC',
41 verbose headers   'x-cache': 'MISS',
41 verbose headers   'x-cache-hits': '0',
41 verbose headers   'x-timer': 'S1448579314.464900,VS0,VE86' }
42 silly get cb [ 404,
42 silly get   { 'content-type': 'application/json',
42 silly get     'cache-control': 'max-age=0',
42 silly get     'content-length': '2',
42 silly get     'accept-ranges': 'bytes',
42 silly get     date: 'Thu, 26 Nov 2015 23:08:34 GMT',
42 silly get     via: '1.1 varnish',
42 silly get     age: '0',
42 silly get     connection: 'keep-alive',
42 silly get     'x-served-by': 'cache-sjc3127-SJC',
42 silly get     'x-cache': 'MISS',
42 silly get     'x-cache-hits': '0',
42 silly get     'x-timer': 'S1448579314.464900,VS0,VE86' } ]
43 verbose stack Error: Registry returned 404 for GET on https://registry.npmjs.org/Materialize
43 verbose stack     at makeError (/usr/local/lib/node_modules/npm/node_modules/npm-registry-client/lib/request.js:263:12)
43 verbose stack     at CachingRegistryClient.<anonymous> (/usr/local/lib/node_modules/npm/node_modules/npm-registry-client/lib/request.js:241:14)
43 verbose stack     at Request._callback (/usr/local/lib/node_modules/npm/node_modules/npm-registry-client/lib/request.js:171:14)
43 verbose stack     at Request.self.callback (/usr/local/lib/node_modules/npm/node_modules/request/request.js:198:22)
43 verbose stack     at emitTwo (events.js:87:13)
43 verbose stack     at Request.emit (events.js:172:7)
43 verbose stack     at Request.<anonymous> (/usr/local/lib/node_modules/npm/node_modules/request/request.js:1073:14)
43 verbose stack     at emitOne (events.js:82:20)
43 verbose stack     at Request.emit (events.js:169:7)
43 verbose stack     at IncomingMessage.<anonymous> (/usr/local/lib/node_modules/npm/node_modules/request/request.js:1019:12)
44 verbose statusCode 404
45 verbose pkgid Materialize
46 verbose cwd /Users/stephenribbon/Documents/code-challenges/hookly
47 error Darwin 14.4.0
48 error argv "/usr/local/Cellar/node/4.1.1/bin/node" "/usr/local/bin/npm" "install" "Materialize"
49 error node v4.1.1
50 error npm  v2.14.4
51 error code E404
52 error 404 Registry returned 404 for GET on https://registry.npmjs.org/Materialize
52 error 404
52 error 404 'Materialize' is not in the npm registry.
52 error 404 Your package name is not valid, because
52 error 404
52 error 404  1. name can no longer contain capital letters
52 error 404 It was specified as a dependency of 'hookly'
52 error 404
52 error 404 Note that you can also install from a
52 error 404 tarball, folder, http url, or git url.
53 verbose exit [ 1, true ]
